# JRE version: OpenJDK Runtime Environment Microsoft-32931 (17.0.3+7) (build 17.0.3+7-LTS)
# Java VM: OpenJDK 64-Bit Server VM Microsoft-32931 (17.0.3+7-LTS, mixed mode, tiered, compressed oops, compressed class ptrs, g1 gc, windows-amd64)
GC Precious Log:
 CPUs: 8 total, 8 available
 Memory: 7488M
 Large Page Support: Disabled
 NUMA Support: Disabled
 Compressed Oops: Enabled (Zero based)
 Heap Region Size: 32M
 Heap Min Capacity: 32M
 Heap Initial Capacity: 128M
 Heap Max Capacity: 3008M
 Pre-touch: Disabled
 Parallel Workers: 8
 Concurrent Workers: 2
 Concurrent Refinement Workers: 8
 Periodic GC: Disabled
Heap:
 garbage-first heap   total 294912K, used 63672K [0x0000000744000000, 0x0000000800000000)
  region size 32768K, 3 young (98304K), 1 survivors (32768K)
 Metaspace       used 25029K, committed 25344K, reserved 1073152K
  class space    used 2638K, committed 2816K, reserved 1048576K
GC Heap History (20 events):
Event: 1.832 GC heap before
{Heap before GC invocations=1 (full 0):
 garbage-first heap   total 131072K, used 9053K [0x0000000744000000, 0x0000000800000000)
  region size 32768K, 2 young (65536K), 1 survivors (32768K)
 Metaspace       used 12347K, committed 12608K, reserved 1064960K
  class space    used 1145K, committed 1280K, reserved 1048576K
}
Event: 1.845 GC heap after
{Heap after GC invocations=2 (full 0):
 garbage-first heap   total 131072K, used 11548K [0x0000000744000000, 0x0000000800000000)
  region size 32768K, 1 young (32768K), 1 survivors (32768K)
 Metaspace       used 12347K, committed 12608K, reserved 1064960K
  class space    used 1145K, committed 1280K, reserved 1048576K
}
Event: 2.508 GC heap before
{Heap before GC invocations=2 (full 0):
 garbage-first heap   total 131072K, used 11548K [0x0000000744000000, 0x0000000800000000)
  region size 32768K, 2 young (65536K), 1 survivors (32768K)
 Metaspace       used 12370K, committed 12608K, reserved 1064960K
  class space    used 1145K, committed 1280K, reserved 1048576K
}
Event: 2.523 GC heap after
{Heap after GC invocations=3 (full 0):
 garbage-first heap   total 131072K, used 16761K [0x0000000744000000, 0x0000000800000000)
  region size 32768K, 1 young (32768K), 1 survivors (32768K)
 Metaspace       used 12370K, committed 12608K, reserved 1064960K
  class space    used 1145K, committed 1280K, reserved 1048576K
}
Event: 2.837 GC heap before
{Heap before GC invocations=3 (full 0):
 garbage-first heap   total 131072K, used 49529K [0x0000000744000000, 0x0000000800000000)
  region size 32768K, 2 young (65536K), 1 survivors (32768K)
 Metaspace       used 12380K, committed 12608K, reserved 1064960K
  class space    used 1145K, committed 1280K, reserved 1048576K
}
Event: 2.851 GC heap after
{Heap after GC invocations=4 (full 0):
 garbage-first heap   total 131072K, used 16956K [0x0000000744000000, 0x0000000800000000)
  region size 32768K, 1 young (32768K), 1 survivors (32768K)
 Metaspace       used 12380K, committed 12608K, reserved 1064960K
  class space    used 1145K, committed 1280K, reserved 1048576K
}
Event: 3.429 GC heap before
{Heap before GC invocations=4 (full 0):
 garbage-first heap   total 131072K, used 49724K [0x0000000744000000, 0x0000000800000000)
  region size 32768K, 2 young (65536K), 1 survivors (32768K)
 Metaspace       used 12519K, committed 12736K, reserved 1064960K
  class space    used 1154K, committed 1280K, reserved 1048576K
}
Event: 3.441 GC heap after
{Heap after GC invocations=5 (full 0):
 garbage-first heap   total 131072K, used 19171K [0x0000000744000000, 0x0000000800000000)
  region size 32768K, 1 young (32768K), 1 survivors (32768K)
 Metaspace       used 12519K, committed 12736K, reserved 1064960K
  class space    used 1154K, committed 1280K, reserved 1048576K
}
Event: 4.112 GC heap before
{Heap before GC invocations=5 (full 0):
 garbage-first heap   total 131072K, used 51939K [0x0000000744000000, 0x0000000800000000)
  region size 32768K, 2 young (65536K), 1 survivors (32768K)
 Metaspace       used 12549K, committed 12736K, reserved 1064960K
  class space    used 1154K, committed 1280K, reserved 1048576K
}
Event: 4.133 GC heap after
{Heap after GC invocations=6 (full 0):
 garbage-first heap   total 163840K, used 22456K [0x0000000744000000, 0x0000000800000000)
  region size 32768K, 1 young (32768K), 1 survivors (32768K)
 Metaspace       used 12549K, committed 12736K, reserved 1064960K
  class space    used 1154K, committed 1280K, reserved 1048576K
}
Event: 4.752 GC heap before
{Heap before GC invocations=6 (full 0):
 garbage-first heap   total 163840K, used 55224K [0x0000000744000000, 0x0000000800000000)
  region size 32768K, 2 young (65536K), 1 survivors (32768K)
 Metaspace       used 12556K, committed 12736K, reserved 1064960K
  class space    used 1154K, committed 1280K, reserved 1048576K
}
Event: 4.768 GC heap after
{Heap after GC invocations=7 (full 0):
 garbage-first heap   total 163840K, used 26373K [0x0000000744000000, 0x0000000800000000)
  region size 32768K, 1 young (32768K), 1 survivors (32768K)
 Metaspace       used 12556K, committed 12736K, reserved 1064960K
  class space    used 1154K, committed 1280K, reserved 1048576K
}
Event: 4.974 GC heap before
{Heap before GC invocations=7 (full 0):
 garbage-first heap   total 163840K, used 59141K [0x0000000744000000, 0x0000000800000000)
  region size 32768K, 2 young (65536K), 1 survivors (32768K)
 Metaspace       used 12556K, committed 12736K, reserved 1064960K
  class space    used 1154K, committed 1280K, reserved 1048576K
}
Event: 4.991 GC heap after
{Heap after GC invocations=8 (full 0):
 garbage-first heap   total 163840K, used 27238K [0x0000000744000000, 0x0000000800000000)
  region size 32768K, 1 young (32768K), 1 survivors (32768K)
 Metaspace       used 12556K, committed 12736K, reserved 1064960K
  class space    used 1154K, committed 1280K, reserved 1048576K
}
Event: 5.093 GC heap before
{Heap before GC invocations=8 (full 0):
 garbage-first heap   total 163840K, used 60006K [0x0000000744000000, 0x0000000800000000)
  region size 32768K, 2 young (65536K), 1 survivors (32768K)
 Metaspace       used 12556K, committed 12736K, reserved 1064960K
  class space    used 1154K, committed 1280K, reserved 1048576K
}
Event: 5.108 GC heap after
{Heap after GC invocations=9 (full 0):
 garbage-first heap   total 163840K, used 27150K [0x0000000744000000, 0x0000000800000000)
  region size 32768K, 1 young (32768K), 1 survivors (32768K)
 Metaspace       used 12556K, committed 12736K, reserved 1064960K
  class space    used 1154K, committed 1280K, reserved 1048576K
}
Event: 5.464 GC heap before
{Heap before GC invocations=9 (full 0):
 garbage-first heap   total 163840K, used 59918K [0x0000000744000000, 0x0000000800000000)
  region size 32768K, 2 young (65536K), 1 survivors (32768K)
 Metaspace       used 12575K, committed 12800K, reserved 1064960K
  class space    used 1155K, committed 1280K, reserved 1048576K
}
Event: 5.478 GC heap after
{Heap after GC invocations=10 (full 0):
 garbage-first heap   total 294912K, used 27105K [0x0000000744000000, 0x0000000800000000)
  region size 32768K, 1 young (32768K), 1 survivors (32768K)
 Metaspace       used 12575K, committed 12800K, reserved 1064960K
  class space    used 1155K, committed 1280K, reserved 1048576K
}
Event: 8.454 GC heap before
{Heap before GC invocations=10 (full 0):
 garbage-first heap   total 294912K, used 59873K [0x0000000744000000, 0x0000000800000000)
  region size 32768K, 3 young (98304K), 1 survivors (32768K)
 Metaspace       used 21317K, committed 21504K, reserved 1073152K
  class space    used 2193K, committed 2304K, reserved 1048576K
}
Event: 8.471 GC heap after
{Heap after GC invocations=11 (full 0):
 garbage-first heap   total 294912K, used 30904K [0x0000000744000000, 0x0000000800000000)
  region size 32768K, 1 young (32768K), 1 survivors (32768K)
 Metaspace       used 21317K, committed 21504K, reserved 1073152K
  class space    used 2193K, committed 2304K, reserved 1048576K
}

