# JRE version: OpenJDK Runtime Environment Microsoft-32931 (17.0.3+7) (build 17.0.3+7-LTS)
# Java VM: OpenJDK 64-Bit Server VM Microsoft-32931 (17.0.3+7-LTS, mixed mode, tiered, compressed oops, compressed class ptrs, g1 gc, windows-amd64)
GC Precious Log:
 CPUs: 8 total, 8 available
 Memory: 7488M
 Large Page Support: Disabled
 NUMA Support: Disabled
 Compressed Oops: Enabled (Zero based)
 Heap Region Size: 32M
 Heap Min Capacity: 32M
 Heap Initial Capacity: 128M
 Heap Max Capacity: 3008M
 Pre-touch: Disabled
 Parallel Workers: 8
 Concurrent Workers: 2
 Concurrent Refinement Workers: 8
 Periodic GC: Disabled
Heap:
 garbage-first heap   total 327680K, used 64251K [0x0000000744000000, 0x0000000800000000)
  region size 32768K, 3 young (98304K), 1 survivors (32768K)
 Metaspace       used 24957K, committed 25344K, reserved 1073152K
  class space    used 2633K, committed 2816K, reserved 1048576K
GC Heap History (20 events):
Event: 2.134 GC heap before
{Heap before GC invocations=1 (full 0):
 garbage-first heap   total 131072K, used 8984K [0x0000000744000000, 0x0000000800000000)
  region size 32768K, 2 young (65536K), 1 survivors (32768K)
 Metaspace       used 12358K, committed 12608K, reserved 1064960K
  class space    used 1145K, committed 1280K, reserved 1048576K
}
Event: 2.145 GC heap after
{Heap after GC invocations=2 (full 0):
 garbage-first heap   total 131072K, used 11475K [0x0000000744000000, 0x0000000800000000)
  region size 32768K, 1 young (32768K), 1 survivors (32768K)
 Metaspace       used 12358K, committed 12608K, reserved 1064960K
  class space    used 1145K, committed 1280K, reserved 1048576K
}
Event: 2.360 GC heap before
{Heap before GC invocations=2 (full 0):
 garbage-first heap   total 131072K, used 11475K [0x0000000744000000, 0x0000000800000000)
  region size 32768K, 2 young (65536K), 1 survivors (32768K)
 Metaspace       used 12382K, committed 12608K, reserved 1064960K
  class space    used 1145K, committed 1280K, reserved 1048576K
}
Event: 2.375 GC heap after
{Heap after GC invocations=3 (full 0):
 garbage-first heap   total 131072K, used 16805K [0x0000000744000000, 0x0000000800000000)
  region size 32768K, 1 young (32768K), 1 survivors (32768K)
 Metaspace       used 12382K, committed 12608K, reserved 1064960K
  class space    used 1145K, committed 1280K, reserved 1048576K
}
Event: 2.502 GC heap before
{Heap before GC invocations=3 (full 0):
 garbage-first heap   total 131072K, used 49573K [0x0000000744000000, 0x0000000800000000)
  region size 32768K, 2 young (65536K), 1 survivors (32768K)
 Metaspace       used 12392K, committed 12608K, reserved 1064960K
  class space    used 1145K, committed 1280K, reserved 1048576K
}
Event: 2.514 GC heap after
{Heap after GC invocations=4 (full 0):
 garbage-first heap   total 131072K, used 16900K [0x0000000744000000, 0x0000000800000000)
  region size 32768K, 1 young (32768K), 1 survivors (32768K)
 Metaspace       used 12392K, committed 12608K, reserved 1064960K
  class space    used 1145K, committed 1280K, reserved 1048576K
}
Event: 3.055 GC heap before
{Heap before GC invocations=4 (full 0):
 garbage-first heap   total 131072K, used 49668K [0x0000000744000000, 0x0000000800000000)
  region size 32768K, 2 young (65536K), 1 survivors (32768K)
 Metaspace       used 12531K, committed 12736K, reserved 1064960K
  class space    used 1155K, committed 1280K, reserved 1048576K
}
Event: 3.070 GC heap after
{Heap after GC invocations=5 (full 0):
 garbage-first heap   total 196608K, used 19181K [0x0000000744000000, 0x0000000800000000)
  region size 32768K, 1 young (32768K), 1 survivors (32768K)
 Metaspace       used 12531K, committed 12736K, reserved 1064960K
  class space    used 1155K, committed 1280K, reserved 1048576K
}
Event: 3.423 GC heap before
{Heap before GC invocations=5 (full 0):
 garbage-first heap   total 196608K, used 51949K [0x0000000744000000, 0x0000000800000000)
  region size 32768K, 2 young (65536K), 1 survivors (32768K)
 Metaspace       used 12562K, committed 12800K, reserved 1064960K
  class space    used 1155K, committed 1280K, reserved 1048576K
}
Event: 3.442 GC heap after
{Heap after GC invocations=6 (full 0):
 garbage-first heap   total 196608K, used 22637K [0x0000000744000000, 0x0000000800000000)
  region size 32768K, 1 young (32768K), 1 survivors (32768K)
 Metaspace       used 12562K, committed 12800K, reserved 1064960K
  class space    used 1155K, committed 1280K, reserved 1048576K
}
Event: 3.699 GC heap before
{Heap before GC invocations=6 (full 0):
 garbage-first heap   total 196608K, used 55405K [0x0000000744000000, 0x0000000800000000)
  region size 32768K, 2 young (65536K), 1 survivors (32768K)
 Metaspace       used 12569K, committed 12800K, reserved 1064960K
  class space    used 1155K, committed 1280K, reserved 1048576K
}
Event: 3.708 GC heap after
{Heap after GC invocations=7 (full 0):
 garbage-first heap   total 196608K, used 22490K [0x0000000744000000, 0x0000000800000000)
  region size 32768K, 1 young (32768K), 1 survivors (32768K)
 Metaspace       used 12569K, committed 12800K, reserved 1064960K
  class space    used 1155K, committed 1280K, reserved 1048576K
}
Event: 3.825 GC heap before
{Heap before GC invocations=7 (full 0):
 garbage-first heap   total 196608K, used 55258K [0x0000000744000000, 0x0000000800000000)
  region size 32768K, 2 young (65536K), 1 survivors (32768K)
 Metaspace       used 12569K, committed 12800K, reserved 1064960K
  class space    used 1155K, committed 1280K, reserved 1048576K
}
Event: 3.838 GC heap after
{Heap after GC invocations=8 (full 0):
 garbage-first heap   total 196608K, used 26730K [0x0000000744000000, 0x0000000800000000)
  region size 32768K, 1 young (32768K), 1 survivors (32768K)
 Metaspace       used 12569K, committed 12800K, reserved 1064960K
  class space    used 1155K, committed 1280K, reserved 1048576K
}
Event: 3.950 GC heap before
{Heap before GC invocations=8 (full 0):
 garbage-first heap   total 196608K, used 59498K [0x0000000744000000, 0x0000000800000000)
  region size 32768K, 2 young (65536K), 1 survivors (32768K)
 Metaspace       used 12569K, committed 12800K, reserved 1064960K
  class space    used 1155K, committed 1280K, reserved 1048576K
}
Event: 3.964 GC heap after
{Heap after GC invocations=9 (full 0):
 garbage-first heap   total 327680K, used 27285K [0x0000000744000000, 0x0000000800000000)
  region size 32768K, 1 young (32768K), 1 survivors (32768K)
 Metaspace       used 12569K, committed 12800K, reserved 1064960K
  class space    used 1155K, committed 1280K, reserved 1048576K
}
Event: 5.682 GC heap before
{Heap before GC invocations=9 (full 0):
 garbage-first heap   total 327680K, used 125589K [0x0000000744000000, 0x0000000800000000)
  region size 32768K, 4 young (131072K), 1 survivors (32768K)
 Metaspace       used 19922K, committed 20224K, reserved 1073152K
  class space    used 2031K, committed 2176K, reserved 1048576K
}
Event: 5.715 GC heap after
{Heap after GC invocations=10 (full 0):
 garbage-first heap   total 327680K, used 30941K [0x0000000744000000, 0x0000000800000000)
  region size 32768K, 1 young (32768K), 1 survivors (32768K)
 Metaspace       used 19922K, committed 20224K, reserved 1073152K
  class space    used 2031K, committed 2176K, reserved 1048576K
}
Event: 5.856 GC heap before
{Heap before GC invocations=10 (full 0):
 garbage-first heap   total 327680K, used 30941K [0x0000000744000000, 0x0000000800000000)
  region size 32768K, 2 young (65536K), 1 survivors (32768K)
 Metaspace       used 21310K, committed 21504K, reserved 1073152K
  class space    used 2194K, committed 2304K, reserved 1048576K
}
Event: 5.868 GC heap after
{Heap after GC invocations=11 (full 0):
 garbage-first heap   total 327680K, used 31483K [0x0000000744000000, 0x0000000800000000)
  region size 32768K, 1 young (32768K), 1 survivors (32768K)
 Metaspace       used 21310K, committed 21504K, reserved 1073152K
  class space    used 2194K, committed 2304K, reserved 1048576K
}

